<?xml version="1.0" encoding="UTF-8"?>
<!-- Generated by org.testng.reporters.JUnitXMLReporter -->
<testsuite hostname="Chetuiwk1317" ignored="0" name="Default test" tests="7" failures="0" timestamp="15 Jun 2017 14:05:37 GMT" time="95.328" errors="0">
  <testcase name="loginApp" time="2.841" classname="modules.Login"/>
  <testcase name="createDatabase" time="0.979" classname="modules.Login"/>
  <testcase name="createTable" time="4.017" classname="modules.Login"/>
  <testcase name="insertData" time="68.955" classname="modules.Login"/>
  <testcase name="insertData" time="4.33" classname="modules.Login"/>
  <testcase name="insertData" time="2.024" classname="modules.Login"/>
  <testcase name="insertData" time="2.28" classname="modules.Login"/>
</testsuite> <!-- Default test -->
