<?xml version="1.0" encoding="UTF-8"?>
<!-- Generated by org.testng.reporters.JUnitXMLReporter -->
<testsuite hostname="Chetuiwk1317" ignored="0" name="Test" tests="4" failures="1" timestamp="15 Jun 2017 13:42:47 GMT" time="17.81" errors="0">
  <testcase name="loginApp" time="2.502" classname="modules.Login"/>
  <testcase name="createDatabase" time="0.966" classname="modules.Login"/>
  <testcase name="createTable" time="3.715" classname="modules.Login"/>
  <testcase name="insertData" time="0.007" classname="modules.Login">
    <failure type="org.testng.internal.reflect.MethodMatcherException" message="
Data provider mismatch
Method: insertData([Parameter{index=0, type=java.lang.String, declaredAnnotations=[]}, Parameter{index=1, type=java.lang.String, declaredAnnotations=[]}, Parameter{index=2, type=java.lang.String, declaredAnnotations=[]}, Parameter{index=3, type=java.lang.String, declaredAnnotations=[]}])
Arguments: [(java.lang.Integer)1,(java.lang.String)Amit,(java.lang.String)Gzb,(java.lang.Integer)23445]">
      <![CDATA[org.testng.internal.reflect.MethodMatcherException: 
Data provider mismatch
Method: insertData([Parameter{index=0, type=java.lang.String, declaredAnnotations=[]}, Parameter{index=1, type=java.lang.String, declaredAnnotations=[]}, Parameter{index=2, type=java.lang.String, declaredAnnotations=[]}, Parameter{index=3, type=java.lang.String, declaredAnnotations=[]}])
Arguments: [(java.lang.Integer)1,(java.lang.String)Amit,(java.lang.String)Gzb,(java.lang.Integer)23445]
... Removed 20 stack frames]]>
    </failure>
  </testcase> <!-- insertData -->
</testsuite> <!-- Test -->
